QuestaSim-64 qrun 2024.3_1 Utility 2024.10 Oct 17 2024
Start time: 09:57:12 on Jan 11,2025
qrun -batch -access=rw+/. -uvmhome uvm-1.2 -timescale 1ns/1ns -mfcu design.sv testbench.sv -voptargs="+acc=npr" -do " run -all; exit" 
Creating library 'qrun.out/work'.
Mapping library 'mtiUvm' to 'qrun.out/work'.
QuestaSim-64 vlog 2024.3_1 Compiler 2024.10 Oct 17 2024
Start time: 09:57:12 on Jan 11,2025
vlog -timescale 1ns/1ns -mfcu -ccflags "-Wno-missing-declarations" -ccflags "-Wno-maybe-uninitialized" -ccflags "-Wno-return-type" -ccflags "-DQUESTA" /usr/share/questa/questasim/verilog_src/uvm-1.2/src/dpi/uvm_dpi.cc /usr/share/questa/questasim/verilog_src/uvm-1.2/src/uvm_pkg.sv /usr/share/questa/questasim/verilog_src/questa_uvm_pkg-1.2/src/questa_uvm_pkg.sv design.sv testbench.sv -work qrun.out/work "+incdir+/usr/share/questa/questasim/verilog_src/uvm-1.2/src" -statslog qrun.out/stats_log -writesessionid "+qrun.out/top_dus" -csession=incr 
-- Compiling package uvm_pkg (uvm-1.2 Built-in)
-- Compiling package questa_uvm_pkg
-- Importing package uvm_pkg (uvm-1.2 Built-in)
-- Compiling module fifo_dut
-- Compiling package uvm_pkg_sv_unit
-- Importing package uvm_pkg (uvm-1.2 Built-in)
-- Importing package fifo_pkg
-- Compiling package fifo_pkg
-- Compiling interface fifo_intf
-- Compiling module tb_top

Top level modules:
	tb_top
-- Compiling DPI/PLI C++ file /usr/share/questa/questasim/verilog_src/uvm-1.2/src/dpi/uvm_dpi.cc

In file included from /usr/share/questa/questasim/verilog_src/uvm-1.2/src/dpi/uvm_hdl.c:27,
                 from /usr/share/questa/questasim/verilog_src/uvm-1.2/src/dpi/uvm_dpi.cc:37:
/usr/share/questa/questasim/verilog_src/uvm-1.2/src/dpi/uvm_hdl_questa.c: In function 'int uvm_is_vhdl_path(char*)':
/usr/share/questa/questasim/verilog_src/uvm-1.2/src/dpi/uvm_hdl_questa.c:90:12: warning: 'char* strncpy(char*, const char*, size_t)' specified bound depends on the length of the source argument [-Wstringop-overflow=]
   90 |     strncpy(path_copy, path, path_len);
      |     ~~~~~~~^~~~~~~~~~~~~~~~~~~~~~~~~~~
/usr/share/questa/questasim/verilog_src/uvm-1.2/src/dpi/uvm_hdl_questa.c:72:20: note: length computed here
   72 |   path_len = strlen(path);
      |              ~~~~~~^~~~~~

End time: 09:57:14 on Jan 11,2025, Elapsed time: 0:00:02
Errors: 0, Warnings: 0
QuestaSim-64 vopt 2024.3_1 Compiler 2024.10 Oct 17 2024
** Warning: (vopt-10587) Some optimizations are turned off because the +acc switch is in effect. This will cause your simulation to run slowly. Please use -access/-debug to maintain needed visibility. The +acc switch would be deprecated in a future release.
Start time: 09:57:14 on Jan 11,2025
vopt -access=rw+/. -timescale 1ns/1ns -mfcu "+acc=npr" -findtoplevels qrun.out/work+1+ -work qrun.out/work -statslog qrun.out/stats_log -csession=incr -o qrun_opt -csessionid=2 

Top level modules:
	tb_top

Analyzing design...
-- Loading module tb_top
-- Loading package questa_uvm_pkg
-- Loading interface fifo_intf
-- Loading module fifo_dut
Optimizing 8 design-units (inlining 0/3 module instances):
-- Optimizing package uvm_pkg (uvm-1.2 Built-in)(fast)
-- Optimizing package questa_uvm_pkg(fast)
-- Optimizing package fifo_pkg(fast)
-- Optimizing package uvm_pkg_sv_unit(fast)
-- Optimizing module fifo_dut(fast)
-- Optimizing module tb_top(fast)
-- Optimizing interface fifo_intf(fast__2)
-- Optimizing interface fifo_intf(fast)
Optimized design name is qrun_opt
End time: 09:57:21 on Jan 11,2025, Elapsed time: 0:00:07
Errors: 0, Warnings: 1
# vsim -batch -lib qrun.out/work -do " run -all; exit" -statslog qrun.out/stats_log qrun_opt -appendlog -l qrun.log 
# Start time: 09:57:22 on Jan 11,2025
# Loading /tmp/unknown@013825f8a00a_dpi_52/linux_x86_64_gcc-10.3.0/export_tramp.so
# //  Questa Sim-64
# //  Version 2024.3_1 linux_x86_64 Oct 17 2024
# //
# // Unpublished work. Copyright 2024 Siemens
# //
# // This material contains trade secrets or otherwise confidential information
# // owned by Siemens Industry Software Inc. or its affiliates (collectively,
# // "SISW"), or its licensors. Access to and use of this information is strictly
# // limited as set forth in the Customer's applicable agreements with SISW.
# //
# // This material may not be copied, distributed, or otherwise disclosed outside
# // of the Customer's facilities without the express written permission of SISW,
# // and may not be used in any way not expressly authorized by SISW.
# //
# Loading sv_std.std
# Loading work.fifo_intf(fast)
# Loading work.uvm_pkg(fast)
# Loading work.fifo_pkg(fast)
# Loading work.uvm_pkg_sv_unit(fast)
# Loading work.questa_uvm_pkg(fast)
# Loading work.tb_top(fast)
# Loading work.fifo_intf(fast__2)
# Loading work.fifo_dut(fast)
# Compiling /tmp/unknown@013825f8a00a_dpi_52/linux_x86_64_gcc-10.3.0/exportwrapper.c
# Loading /tmp/unknown@013825f8a00a_dpi_52/linux_x86_64_gcc-10.3.0/vsim_auto_compile.so
# 
# run -all
# UVM_INFO /usr/share/questa/questasim/verilog_src/uvm-1.2/src/base/uvm_root.svh(392) @ 0: reporter [UVM/RELNOTES] 
# ----------------------------------------------------------------
# UVM-1.2
# (C) 2007-2014 Mentor Graphics Corporation
# (C) 2007-2014 Cadence Design Systems, Inc.
# (C) 2006-2014 Synopsys, Inc.
# (C) 2011-2013 Cypress Semiconductor Corp.
# (C) 2013-2014 NVIDIA Corporation
# ----------------------------------------------------------------
# 
#   ***********       IMPORTANT RELEASE NOTES         ************
# 
#   You are using a version of the UVM library that has been compiled
#   with `UVM_NO_DEPRECATED undefined.
#   See http://www.eda.org/svdb/view.php?id=3313 for more details.
# 
#   You are using a version of the UVM library that has been compiled
#   with `UVM_OBJECT_DO_NOT_NEED_CONSTRUCTOR undefined.
#   See http://www.eda.org/svdb/view.php?id=3770 for more details.
# 
#       (Specify +UVM_NO_RELNOTES to turn off this notice)
# 
# UVM_INFO /usr/share/questa/questasim/verilog_src/questa_uvm_pkg-1.2/src/questa_uvm_pkg.sv(277) @ 0: reporter [Questa UVM] QUESTA_UVM-1.2.3
# UVM_INFO /usr/share/questa/questasim/verilog_src/questa_uvm_pkg-1.2/src/questa_uvm_pkg.sv(278) @ 0: reporter [Questa UVM]  questa_uvm::init(+struct)
# UVM_INFO @ 0: reporter [RNTST] Running test fifo_test...
# UVM_INFO ip_driver.sv(19) @ 0: uvm_test_top.h_env.h_ip_agent.h_driv [ip driver class] inside ip driver build phase
# UVM_INFO ip_monitor.sv(20) @ 0: uvm_test_top.h_env.h_ip_agent.h_ip_mon [ip mon ] inside ip monitor build phase
# UVM_INFO op_monitor.sv(28) @ 0: uvm_test_top.h_env.h_op_agent.h_op_mon [op mon] inside op monitor build phase
# UVM_INFO /usr/share/questa/questasim/verilog_src/uvm-1.2/src/base/uvm_root.svh(579) @ 0: reporter [UVMTOP] UVM testbench topology:
# ----------------------------------------------------------------
# Name                        Type                     Size  Value
# ----------------------------------------------------------------
# uvm_test_top                fifo_test                -     @360 
#   h_env                     fifo_env                 -     @372 
#     h_cov                   fifo_func_coverage       -     @533 
#       analysis_imp          uvm_analysis_imp         -     @541 
#     h_ip_agent              ip_agent                 -     @509 
#       h_driv                ip_driver                -     @674 
#         rsp_port            uvm_analysis_port        -     @691 
#         seq_item_port       uvm_seq_item_pull_port   -     @682 
#       h_ip_mon              ip_monitor               -     @700 
#         ip_mon2scbd         uvm_analysis_port        -     @715 
#       h_ip_seqr             ip_seqr                  -     @551 
#         rsp_export          uvm_analysis_export      -     @559 
#         seq_item_export     uvm_seq_item_pull_imp    -     @665 
#         arbitration_queue   array                    0     -    
#         lock_queue          array                    0     -    
#         num_last_reqs       integral                 32    'd1  
#         num_last_rsps       integral                 32    'd1  
#     h_op_agent              op_agent                 -     @517 
#       h_op_mon              op_monitor               -     @733 
#         op_mon2scbd         uvm_analysis_port        -     @741 
#     h_scbd                  fifo_scoreboard          -     @525 
#       ip_mon2scbd_imp_port  uvm_analysis_imp_ip_imp  -     @750 
#       op_mon2scbd_imp_port  uvm_analysis_imp_op_imp  -     @759 
#     h_vseqr                 fifo_vseqr               -     @386 
#       rsp_export            uvm_analysis_export      -     @394 
#       seq_item_export       uvm_seq_item_pull_imp    -     @500 
#       arbitration_queue     array                    0     -    
#       lock_queue            array                    0     -    
#       num_last_reqs         integral                 32    'd1  
#       num_last_rsps         integral                 32    'd1  
# ----------------------------------------------------------------
# 
# UVM_INFO ip_monitor.sv(34) @ 0: uvm_test_top.h_env.h_ip_agent.h_ip_mon [ip monitor class] inside ip monitor run phase
# UVM_INFO fifo_seq.sv(19) @ 5: uvm_test_top.h_env.h_ip_agent.h_ip_seqr@@sw_seq [seq] single write sequence generated !!
# UVM_INFO fifo_func_coverage.sv(30) @ 15: uvm_test_top.h_env.h_cov [coverage] the functional coverage is 38
# --------------------------------------
# Name        Type           Size  Value
# --------------------------------------
# pkt         fifo_seq_item  -     @907 
#   data_in   integral       8     'h5  
#   rd        integral       1     'h0  
#   wr        integral       1     'h1  
#   full      integral       1     'h0  
#   empty     integral       1     'h1  
#   fifo_cnt  integral       4     'h0  
#   data_out  integral       8     'h0  
# --------------------------------------
# UVM_INFO fifo_seq.sv(43) @ 15: uvm_test_top.h_env.h_ip_agent.h_ip_seqr@@sr_seq [seq] single read sequence generated !!
# UVM_INFO fifo_func_coverage.sv(30) @ 25: uvm_test_top.h_env.h_cov [coverage] the functional coverage is 63
# --------------------------------------
# Name        Type           Size  Value
# --------------------------------------
# pkt         fifo_seq_item  -     @923 
#   data_in   integral       8     'h0  
#   rd        integral       1     'h1  
#   wr        integral       1     'h0  
#   full      integral       1     'h0  
#   empty     integral       1     'h0  
#   fifo_cnt  integral       4     'h1  
#   data_out  integral       8     'h0  
# --------------------------------------
# UVM_INFO fifo_seq.sv(67) @ 25: uvm_test_top.h_env.h_ip_agent.h_ip_seqr@@mw_seq [seq] multiple write sequence generated !!
# UVM_INFO fifo_func_coverage.sv(30) @ 35: uvm_test_top.h_env.h_cov [coverage] the functional coverage is 65
# --------------------------------------
# Name        Type           Size  Value
# --------------------------------------
# pkt         fifo_seq_item  -     @935 
#   data_in   integral       8     'he5 
#   rd        integral       1     'h0  
#   wr        integral       1     'h1  
#   full      integral       1     'h0  
#   empty     integral       1     'h1  
#   fifo_cnt  integral       4     'h0  
#   data_out  integral       8     'h0  
# --------------------------------------
# UVM_INFO fifo_seq.sv(67) @ 35: uvm_test_top.h_env.h_ip_agent.h_ip_seqr@@mw_seq [seq] multiple write sequence generated !!
# UVM_INFO fifo_func_coverage.sv(30) @ 45: uvm_test_top.h_env.h_cov [coverage] the functional coverage is 67
# --------------------------------------
# Name        Type           Size  Value
# --------------------------------------
# pkt         fifo_seq_item  -     @947 
#   data_in   integral       8     'h66 
#   rd        integral       1     'h0  
#   wr        integral       1     'h1  
#   full      integral       1     'h0  
#   empty     integral       1     'h0  
#   fifo_cnt  integral       4     'h1  
#   data_out  integral       8     'h0  
# --------------------------------------
# UVM_INFO fifo_seq.sv(67) @ 45: uvm_test_top.h_env.h_ip_agent.h_ip_seqr@@mw_seq [seq] multiple write sequence generated !!
# UVM_INFO fifo_func_coverage.sv(30) @ 55: uvm_test_top.h_env.h_cov [coverage] the functional coverage is 69
# --------------------------------------
# Name        Type           Size  Value
# --------------------------------------
# pkt         fifo_seq_item  -     @959 
#   data_in   integral       8     'h55 
#   rd        integral       1     'h0  
#   wr        integral       1     'h1  
#   full      integral       1     'h0  
#   empty     integral       1     'h0  
#   fifo_cnt  integral       4     'h2  
#   data_out  integral       8     'h0  
# --------------------------------------
# UVM_INFO fifo_seq.sv(67) @ 55: uvm_test_top.h_env.h_ip_agent.h_ip_seqr@@mw_seq [seq] multiple write sequence generated !!
# UVM_INFO fifo_func_coverage.sv(30) @ 65: uvm_test_top.h_env.h_cov [coverage] the functional coverage is 71
# --------------------------------------
# Name        Type           Size  Value
# --------------------------------------
# pkt         fifo_seq_item  -     @971 
#   data_in   integral       8     'h2d 
#   rd        integral       1     'h0  
#   wr        integral       1     'h1  
#   full      integral       1     'h0  
#   empty     integral       1     'h0  
#   fifo_cnt  integral       4     'h3  
#   data_out  integral       8     'h0  
# --------------------------------------
# UVM_INFO fifo_seq.sv(67) @ 65: uvm_test_top.h_env.h_ip_agent.h_ip_seqr@@mw_seq [seq] multiple write sequence generated !!
# UVM_INFO fifo_func_coverage.sv(30) @ 75: uvm_test_top.h_env.h_cov [coverage] the functional coverage is 71
# --------------------------------------
# Name        Type           Size  Value
# --------------------------------------
# pkt         fifo_seq_item  -     @983 
#   data_in   integral       8     'h51 
#   rd        integral       1     'h0  
#   wr        integral       1     'h1  
#   full      integral       1     'h0  
#   empty     integral       1     'h0  
#   fifo_cnt  integral       4     'h4  
#   data_out  integral       8     'h0  
# --------------------------------------
# UVM_INFO fifo_seq.sv(67) @ 75: uvm_test_top.h_env.h_ip_agent.h_ip_seqr@@mw_seq [seq] multiple write sequence generated !!
# UVM_INFO fifo_func_coverage.sv(30) @ 85: uvm_test_top.h_env.h_cov [coverage] the functional coverage is 71
# --------------------------------------
# Name        Type           Size  Value
# --------------------------------------
# pkt         fifo_seq_item  -     @995 
#   data_in   integral       8     'h37 
#   rd        integral       1     'h0  
#   wr        integral       1     'h1  
#   full      integral       1     'h0  
#   empty     integral       1     'h0  
#   fifo_cnt  integral       4     'h5  
#   data_out  integral       8     'h0  
# --------------------------------------
# UVM_INFO fifo_seq.sv(67) @ 85: uvm_test_top.h_env.h_ip_agent.h_ip_seqr@@mw_seq [seq] multiple write sequence generated !!
# UVM_INFO fifo_func_coverage.sv(30) @ 95: uvm_test_top.h_env.h_cov [coverage] the functional coverage is 73
# --------------------------------------
# Name        Type           Size  Value
# --------------------------------------
# pkt         fifo_seq_item  -     @1007
#   data_in   integral       8     'hbc 
#   rd        integral       1     'h0  
#   wr        integral       1     'h1  
#   full      integral       1     'h0  
#   empty     integral       1     'h0  
#   fifo_cnt  integral       4     'h6  
#   data_out  integral       8     'h0  
# --------------------------------------
# UVM_INFO fifo_seq.sv(67) @ 95: uvm_test_top.h_env.h_ip_agent.h_ip_seqr@@mw_seq [seq] multiple write sequence generated !!
# UVM_INFO fifo_func_coverage.sv(30) @ 105: uvm_test_top.h_env.h_cov [coverage] the functional coverage is 73
# --------------------------------------
# Name        Type           Size  Value
# --------------------------------------
# pkt         fifo_seq_item  -     @1023
#   data_in   integral       8     'h65 
#   rd        integral       1     'h0  
#   wr        integral       1     'h1  
#   full      integral       1     'h0  
#   empty     integral       1     'h0  
#   fifo_cnt  integral       4     'h7  
#   data_out  integral       8     'h0  
# --------------------------------------
# UVM_INFO fifo_seq.sv(93) @ 105: uvm_test_top.h_env.h_ip_agent.h_ip_seqr@@mr_seq [seq] multiple read sequence generated !!
# UVM_INFO fifo_func_coverage.sv(30) @ 115: uvm_test_top.h_env.h_cov [coverage] the functional coverage is 81
# --------------------------------------
# Name        Type           Size  Value
# --------------------------------------
# pkt         fifo_seq_item  -     @1035
#   data_in   integral       8     'h0  
#   rd        integral       1     'h1  
#   wr        integral       1     'h0  
#   full      integral       1     'h1  
#   empty     integral       1     'h0  
#   fifo_cnt  integral       4     'h8  
#   data_out  integral       8     'h5  
# --------------------------------------
# UVM_INFO fifo_scoreboard.sv(62) @ 115: uvm_test_top.h_env.h_scbd [scoreboard] DATA is matched !!
# exp data=5, act data=5
#  
# UVM_INFO fifo_seq.sv(93) @ 115: uvm_test_top.h_env.h_ip_agent.h_ip_seqr@@mr_seq [seq] multiple read sequence generated !!
# UVM_INFO fifo_func_coverage.sv(30) @ 125: uvm_test_top.h_env.h_cov [coverage] the functional coverage is 83
# --------------------------------------
# Name        Type           Size  Value
# --------------------------------------
# pkt         fifo_seq_item  -     @1057
#   data_in   integral       8     'h0  
#   rd        integral       1     'h1  
#   wr        integral       1     'h0  
#   full      integral       1     'h0  
#   empty     integral       1     'h0  
#   fifo_cnt  integral       4     'h7  
#   data_out  integral       8     'he5 
# --------------------------------------
# UVM_INFO fifo_scoreboard.sv(62) @ 125: uvm_test_top.h_env.h_scbd [scoreboard] DATA is matched !!
# exp data=229, act data=229
#  
# UVM_INFO fifo_seq.sv(93) @ 125: uvm_test_top.h_env.h_ip_agent.h_ip_seqr@@mr_seq [seq] multiple read sequence generated !!
# UVM_INFO fifo_func_coverage.sv(30) @ 135: uvm_test_top.h_env.h_cov [coverage] the functional coverage is 85
# --------------------------------------
# Name        Type           Size  Value
# --------------------------------------
# pkt         fifo_seq_item  -     @1079
#   data_in   integral       8     'h0  
#   rd        integral       1     'h1  
#   wr        integral       1     'h0  
#   full      integral       1     'h0  
#   empty     integral       1     'h0  
#   fifo_cnt  integral       4     'h6  
#   data_out  integral       8     'h66 
# --------------------------------------
# UVM_INFO fifo_scoreboard.sv(62) @ 135: uvm_test_top.h_env.h_scbd [scoreboard] DATA is matched !!
# exp data=102, act data=102
#  
# UVM_INFO fifo_seq.sv(93) @ 135: uvm_test_top.h_env.h_ip_agent.h_ip_seqr@@mr_seq [seq] multiple read sequence generated !!
# UVM_INFO fifo_func_coverage.sv(30) @ 145: uvm_test_top.h_env.h_cov [coverage] the functional coverage is 88
# --------------------------------------
# Name        Type           Size  Value
# --------------------------------------
# pkt         fifo_seq_item  -     @1101
#   data_in   integral       8     'h0  
#   rd        integral       1     'h1  
#   wr        integral       1     'h0  
#   full      integral       1     'h0  
#   empty     integral       1     'h0  
#   fifo_cnt  integral       4     'h5  
#   data_out  integral       8     'h55 
# --------------------------------------
# UVM_INFO fifo_scoreboard.sv(62) @ 145: uvm_test_top.h_env.h_scbd [scoreboard] DATA is matched !!
# exp data=85, act data=85
#  
# UVM_INFO fifo_seq.sv(93) @ 145: uvm_test_top.h_env.h_ip_agent.h_ip_seqr@@mr_seq [seq] multiple read sequence generated !!
# UVM_INFO fifo_func_coverage.sv(30) @ 155: uvm_test_top.h_env.h_cov [coverage] the functional coverage is 90
# --------------------------------------
# Name        Type           Size  Value
# --------------------------------------
# pkt         fifo_seq_item  -     @1123
#   data_in   integral       8     'h0  
#   rd        integral       1     'h1  
#   wr        integral       1     'h0  
#   full      integral       1     'h0  
#   empty     integral       1     'h0  
#   fifo_cnt  integral       4     'h4  
#   data_out  integral       8     'h2d 
# --------------------------------------
# UVM_INFO fifo_scoreboard.sv(62) @ 155: uvm_test_top.h_env.h_scbd [scoreboard] DATA is matched !!
# exp data=45, act data=45
#  
# UVM_INFO fifo_seq.sv(93) @ 155: uvm_test_top.h_env.h_ip_agent.h_ip_seqr@@mr_seq [seq] multiple read sequence generated !!
# UVM_INFO fifo_func_coverage.sv(30) @ 165: uvm_test_top.h_env.h_cov [coverage] the functional coverage is 90
# --------------------------------------
# Name        Type           Size  Value
# --------------------------------------
# pkt         fifo_seq_item  -     @1145
#   data_in   integral       8     'h0  
#   rd        integral       1     'h1  
#   wr        integral       1     'h0  
#   full      integral       1     'h0  
#   empty     integral       1     'h0  
#   fifo_cnt  integral       4     'h3  
#   data_out  integral       8     'h51 
# --------------------------------------
# UVM_INFO fifo_scoreboard.sv(62) @ 165: uvm_test_top.h_env.h_scbd [scoreboard] DATA is matched !!
# exp data=81, act data=81
#  
# UVM_INFO fifo_seq.sv(93) @ 165: uvm_test_top.h_env.h_ip_agent.h_ip_seqr@@mr_seq [seq] multiple read sequence generated !!
# UVM_INFO fifo_func_coverage.sv(30) @ 175: uvm_test_top.h_env.h_cov [coverage] the functional coverage is 90
# --------------------------------------
# Name        Type           Size  Value
# --------------------------------------
# pkt         fifo_seq_item  -     @1167
#   data_in   integral       8     'h0  
#   rd        integral       1     'h1  
#   wr        integral       1     'h0  
#   full      integral       1     'h0  
#   empty     integral       1     'h0  
#   fifo_cnt  integral       4     'h2  
#   data_out  integral       8     'h37 
# --------------------------------------
# UVM_INFO fifo_scoreboard.sv(62) @ 175: uvm_test_top.h_env.h_scbd [scoreboard] DATA is matched !!
# exp data=55, act data=55
#  
# UVM_INFO fifo_seq.sv(93) @ 175: uvm_test_top.h_env.h_ip_agent.h_ip_seqr@@mr_seq [seq] multiple read sequence generated !!
# UVM_INFO fifo_func_coverage.sv(30) @ 185: uvm_test_top.h_env.h_cov [coverage] the functional coverage is 92
# --------------------------------------
# Name        Type           Size  Value
# --------------------------------------
# pkt         fifo_seq_item  -     @1193
#   data_in   integral       8     'h0  
#   rd        integral       1     'h1  
#   wr        integral       1     'h0  
#   full      integral       1     'h0  
#   empty     integral       1     'h0  
#   fifo_cnt  integral       4     'h1  
#   data_out  integral       8     'hbc 
# --------------------------------------
# UVM_INFO fifo_scoreboard.sv(62) @ 185: uvm_test_top.h_env.h_scbd [scoreboard] DATA is matched !!
# exp data=188, act data=188
#  
# UVM_INFO fifo_seq.sv(152) @ 185: uvm_test_top.h_env.h_ip_agent.h_ip_seqr@@ovrflw_seq [seq] overflow sequence generated !!
# UVM_INFO fifo_func_coverage.sv(30) @ 195: uvm_test_top.h_env.h_cov [coverage] the functional coverage is 92
# --------------------------------------
# Name        Type           Size  Value
# --------------------------------------
# pkt         fifo_seq_item  -     @1215
#   data_in   integral       8     'h67 
#   rd        integral       1     'h0  
#   wr        integral       1     'h1  
#   full      integral       1     'h0  
#   empty     integral       1     'h1  
#   fifo_cnt  integral       4     'h0  
#   data_out  integral       8     'h0  
# --------------------------------------
# UVM_INFO fifo_seq.sv(152) @ 195: uvm_test_top.h_env.h_ip_agent.h_ip_seqr@@ovrflw_seq [seq] overflow sequence generated !!
# UVM_INFO fifo_func_coverage.sv(30) @ 205: uvm_test_top.h_env.h_cov [coverage] the functional coverage is 92
# --------------------------------------
# Name        Type           Size  Value
# --------------------------------------
# pkt         fifo_seq_item  -     @1227
#   data_in   integral       8     'h1  
#   rd        integral       1     'h0  
#   wr        integral       1     'h1  
#   full      integral       1     'h0  
#   empty     integral       1     'h0  
#   fifo_cnt  integral       4     'h1  
#   data_out  integral       8     'h0  
# --------------------------------------
# UVM_INFO fifo_seq.sv(152) @ 205: uvm_test_top.h_env.h_ip_agent.h_ip_seqr@@ovrflw_seq [seq] overflow sequence generated !!
# UVM_INFO fifo_func_coverage.sv(30) @ 215: uvm_test_top.h_env.h_cov [coverage] the functional coverage is 92
# --------------------------------------
# Name        Type           Size  Value
# --------------------------------------
# pkt         fifo_seq_item  -     @1239
#   data_in   integral       8     'h5d 
#   rd        integral       1     'h0  
#   wr        integral       1     'h1  
#   full      integral       1     'h0  
#   empty     integral       1     'h0  
#   fifo_cnt  integral       4     'h2  
#   data_out  integral       8     'h0  
# --------------------------------------
# UVM_INFO fifo_seq.sv(152) @ 215: uvm_test_top.h_env.h_ip_agent.h_ip_seqr@@ovrflw_seq [seq] overflow sequence generated !!
# UVM_INFO fifo_func_coverage.sv(30) @ 225: uvm_test_top.h_env.h_cov [coverage] the functional coverage is 92
# --------------------------------------
# Name        Type           Size  Value
# --------------------------------------
# pkt         fifo_seq_item  -     @1251
#   data_in   integral       8     'hb2 
#   rd        integral       1     'h0  
#   wr        integral       1     'h1  
#   full      integral       1     'h0  
#   empty     integral       1     'h0  
#   fifo_cnt  integral       4     'h3  
#   data_out  integral       8     'h0  
# --------------------------------------
# UVM_INFO fifo_seq.sv(152) @ 225: uvm_test_top.h_env.h_ip_agent.h_ip_seqr@@ovrflw_seq [seq] overflow sequence generated !!
# UVM_INFO fifo_func_coverage.sv(30) @ 235: uvm_test_top.h_env.h_cov [coverage] the functional coverage is 92
# --------------------------------------
# Name        Type           Size  Value
# --------------------------------------
# pkt         fifo_seq_item  -     @1263
#   data_in   integral       8     'he1 
#   rd        integral       1     'h0  
#   wr        integral       1     'h1  
#   full      integral       1     'h0  
#   empty     integral       1     'h0  
#   fifo_cnt  integral       4     'h4  
#   data_out  integral       8     'h0  
# --------------------------------------
# UVM_INFO fifo_seq.sv(152) @ 235: uvm_test_top.h_env.h_ip_agent.h_ip_seqr@@ovrflw_seq [seq] overflow sequence generated !!
# UVM_INFO fifo_func_coverage.sv(30) @ 245: uvm_test_top.h_env.h_cov [coverage] the functional coverage is 94
# --------------------------------------
# Name        Type           Size  Value
# --------------------------------------
# pkt         fifo_seq_item  -     @1275
#   data_in   integral       8     'h8b 
#   rd        integral       1     'h0  
#   wr        integral       1     'h1  
#   full      integral       1     'h0  
#   empty     integral       1     'h0  
#   fifo_cnt  integral       4     'h5  
#   data_out  integral       8     'h0  
# --------------------------------------
# UVM_INFO fifo_seq.sv(152) @ 245: uvm_test_top.h_env.h_ip_agent.h_ip_seqr@@ovrflw_seq [seq] overflow sequence generated !!
# UVM_INFO fifo_func_coverage.sv(30) @ 255: uvm_test_top.h_env.h_cov [coverage] the functional coverage is 94
# --------------------------------------
# Name        Type           Size  Value
# --------------------------------------
# pkt         fifo_seq_item  -     @1287
#   data_in   integral       8     'h27 
#   rd        integral       1     'h0  
#   wr        integral       1     'h1  
#   full      integral       1     'h0  
#   empty     integral       1     'h0  
#   fifo_cnt  integral       4     'h6  
#   data_out  integral       8     'h0  
# --------------------------------------
# UVM_INFO fifo_seq.sv(152) @ 255: uvm_test_top.h_env.h_ip_agent.h_ip_seqr@@ovrflw_seq [seq] overflow sequence generated !!
# UVM_INFO fifo_func_coverage.sv(30) @ 265: uvm_test_top.h_env.h_cov [coverage] the functional coverage is 96
# --------------------------------------
# Name        Type           Size  Value
# --------------------------------------
# pkt         fifo_seq_item  -     @1299
#   data_in   integral       8     'hca 
#   rd        integral       1     'h0  
#   wr        integral       1     'h1  
#   full      integral       1     'h0  
#   empty     integral       1     'h0  
#   fifo_cnt  integral       4     'h7  
#   data_out  integral       8     'h0  
# --------------------------------------
# UVM_INFO fifo_seq.sv(152) @ 265: uvm_test_top.h_env.h_ip_agent.h_ip_seqr@@ovrflw_seq [seq] overflow sequence generated !!
# UVM_INFO fifo_func_coverage.sv(30) @ 275: uvm_test_top.h_env.h_cov [coverage] the functional coverage is 96
# --------------------------------------
# Name        Type           Size  Value
# --------------------------------------
# pkt         fifo_seq_item  -     @1311
#   data_in   integral       8     'h36 
#   rd        integral       1     'h0  
#   wr        integral       1     'h1  
#   full      integral       1     'h1  
#   empty     integral       1     'h0  
#   fifo_cnt  integral       4     'h8  
#   data_out  integral       8     'h0  
# --------------------------------------
# UVM_INFO fifo_seq.sv(152) @ 275: uvm_test_top.h_env.h_ip_agent.h_ip_seqr@@ovrflw_seq [seq] overflow sequence generated !!
# UVM_INFO fifo_func_coverage.sv(30) @ 285: uvm_test_top.h_env.h_cov [coverage] the functional coverage is 96
# --------------------------------------
# Name        Type           Size  Value
# --------------------------------------
# pkt         fifo_seq_item  -     @1323
#   data_in   integral       8     'h36 
#   rd        integral       1     'h0  
#   wr        integral       1     'h1  
#   full      integral       1     'h1  
#   empty     integral       1     'h0  
#   fifo_cnt  integral       4     'h8  
#   data_out  integral       8     'h0  
# --------------------------------------
# UVM_INFO fifo_seq.sv(152) @ 285: uvm_test_top.h_env.h_ip_agent.h_ip_seqr@@ovrflw_seq [seq] overflow sequence generated !!
# UVM_INFO fifo_func_coverage.sv(30) @ 295: uvm_test_top.h_env.h_cov [coverage] the functional coverage is 96
# --------------------------------------
# Name        Type           Size  Value
# --------------------------------------
# pkt         fifo_seq_item  -     @1335
#   data_in   integral       8     'hdc 
#   rd        integral       1     'h0  
#   wr        integral       1     'h1  
#   full      integral       1     'h1  
#   empty     integral       1     'h0  
#   fifo_cnt  integral       4     'h8  
#   data_out  integral       8     'h0  
# --------------------------------------
# UVM_INFO fifo_seq.sv(152) @ 295: uvm_test_top.h_env.h_ip_agent.h_ip_seqr@@ovrflw_seq [seq] overflow sequence generated !!
# UVM_INFO fifo_func_coverage.sv(30) @ 305: uvm_test_top.h_env.h_cov [coverage] the functional coverage is 96
# --------------------------------------
# Name        Type           Size  Value
# --------------------------------------
# pkt         fifo_seq_item  -     @1351
#   data_in   integral       8     'h3e 
#   rd        integral       1     'h0  
#   wr        integral       1     'h1  
#   full      integral       1     'h1  
#   empty     integral       1     'h0  
#   fifo_cnt  integral       4     'h8  
#   data_out  integral       8     'h0  
# --------------------------------------
# UVM_INFO fifo_seq.sv(178) @ 305: uvm_test_top.h_env.h_ip_agent.h_ip_seqr@@underflw_seq [seq] underflow sequence generated !!
# UVM_INFO fifo_func_coverage.sv(30) @ 315: uvm_test_top.h_env.h_cov [coverage] the functional coverage is 96
# --------------------------------------
# Name        Type           Size  Value
# --------------------------------------
# pkt         fifo_seq_item  -     @1363
#   data_in   integral       8     'h0  
#   rd        integral       1     'h1  
#   wr        integral       1     'h0  
#   full      integral       1     'h1  
#   empty     integral       1     'h0  
#   fifo_cnt  integral       4     'h8  
#   data_out  integral       8     'h65 
# --------------------------------------
# UVM_INFO fifo_scoreboard.sv(62) @ 315: uvm_test_top.h_env.h_scbd [scoreboard] DATA is matched !!
# exp data=101, act data=101
#  
# UVM_INFO fifo_seq.sv(178) @ 315: uvm_test_top.h_env.h_ip_agent.h_ip_seqr@@underflw_seq [seq] underflow sequence generated !!
# UVM_INFO fifo_func_coverage.sv(30) @ 325: uvm_test_top.h_env.h_cov [coverage] the functional coverage is 96
# --------------------------------------
# Name        Type           Size  Value
# --------------------------------------
# pkt         fifo_seq_item  -     @1385
#   data_in   integral       8     'h0  
#   rd        integral       1     'h1  
#   wr        integral       1     'h0  
#   full      integral       1     'h0  
#   empty     integral       1     'h0  
#   fifo_cnt  integral       4     'h7  
#   data_out  integral       8     'h67 
# --------------------------------------
# UVM_INFO fifo_scoreboard.sv(62) @ 325: uvm_test_top.h_env.h_scbd [scoreboard] DATA is matched !!
# exp data=103, act data=103
#  
# UVM_INFO fifo_seq.sv(178) @ 325: uvm_test_top.h_env.h_ip_agent.h_ip_seqr@@underflw_seq [seq] underflow sequence generated !!
# UVM_INFO fifo_func_coverage.sv(30) @ 335: uvm_test_top.h_env.h_cov [coverage] the functional coverage is 96
# --------------------------------------
# Name        Type           Size  Value
# --------------------------------------
# pkt         fifo_seq_item  -     @1407
#   data_in   integral       8     'h0  
#   rd        integral       1     'h1  
#   wr        integral       1     'h0  
#   full      integral       1     'h0  
#   empty     integral       1     'h0  
#   fifo_cnt  integral       4     'h6  
#   data_out  integral       8     'h1  
# --------------------------------------
# UVM_INFO fifo_scoreboard.sv(62) @ 335: uvm_test_top.h_env.h_scbd [scoreboard] DATA is matched !!
# exp data=1, act data=1
#  
# UVM_INFO fifo_seq.sv(178) @ 335: uvm_test_top.h_env.h_ip_agent.h_ip_seqr@@underflw_seq [seq] underflow sequence generated !!
# UVM_INFO fifo_func_coverage.sv(30) @ 345: uvm_test_top.h_env.h_cov [coverage] the functional coverage is 96
# --------------------------------------
# Name        Type           Size  Value
# --------------------------------------
# pkt         fifo_seq_item  -     @1429
#   data_in   integral       8     'h0  
#   rd        integral       1     'h1  
#   wr        integral       1     'h0  
#   full      integral       1     'h0  
#   empty     integral       1     'h0  
#   fifo_cnt  integral       4     'h5  
#   data_out  integral       8     'h5d 
# --------------------------------------
# UVM_INFO fifo_scoreboard.sv(62) @ 345: uvm_test_top.h_env.h_scbd [scoreboard] DATA is matched !!
# exp data=93, act data=93
#  
# UVM_INFO fifo_seq.sv(178) @ 345: uvm_test_top.h_env.h_ip_agent.h_ip_seqr@@underflw_seq [seq] underflow sequence generated !!
# UVM_INFO fifo_func_coverage.sv(30) @ 355: uvm_test_top.h_env.h_cov [coverage] the functional coverage is 96
# --------------------------------------
# Name        Type           Size  Value
# --------------------------------------
# pkt         fifo_seq_item  -     @1451
#   data_in   integral       8     'h0  
#   rd        integral       1     'h1  
#   wr        integral       1     'h0  
#   full      integral       1     'h0  
#   empty     integral       1     'h0  
#   fifo_cnt  integral       4     'h4  
#   data_out  integral       8     'hb2 
# --------------------------------------
# UVM_INFO fifo_scoreboard.sv(62) @ 355: uvm_test_top.h_env.h_scbd [scoreboard] DATA is matched !!
# exp data=178, act data=178
#  
# UVM_INFO fifo_seq.sv(178) @ 355: uvm_test_top.h_env.h_ip_agent.h_ip_seqr@@underflw_seq [seq] underflow sequence generated !!
# UVM_INFO fifo_func_coverage.sv(30) @ 365: uvm_test_top.h_env.h_cov [coverage] the functional coverage is 96
# --------------------------------------
# Name        Type           Size  Value
# --------------------------------------
# pkt         fifo_seq_item  -     @1473
#   data_in   integral       8     'h0  
#   rd        integral       1     'h1  
#   wr        integral       1     'h0  
#   full      integral       1     'h0  
#   empty     integral       1     'h0  
#   fifo_cnt  integral       4     'h3  
#   data_out  integral       8     'he1 
# --------------------------------------
# UVM_INFO fifo_scoreboard.sv(62) @ 365: uvm_test_top.h_env.h_scbd [scoreboard] DATA is matched !!
# exp data=225, act data=225
#  
# UVM_INFO fifo_seq.sv(178) @ 365: uvm_test_top.h_env.h_ip_agent.h_ip_seqr@@underflw_seq [seq] underflow sequence generated !!
# UVM_INFO fifo_func_coverage.sv(30) @ 375: uvm_test_top.h_env.h_cov [coverage] the functional coverage is 98
# --------------------------------------
# Name        Type           Size  Value
# --------------------------------------
# pkt         fifo_seq_item  -     @1495
#   data_in   integral       8     'h0  
#   rd        integral       1     'h1  
#   wr        integral       1     'h0  
#   full      integral       1     'h0  
#   empty     integral       1     'h0  
#   fifo_cnt  integral       4     'h2  
#   data_out  integral       8     'h8b 
# --------------------------------------
# UVM_INFO fifo_scoreboard.sv(62) @ 375: uvm_test_top.h_env.h_scbd [scoreboard] DATA is matched !!
# exp data=139, act data=139
#  
# UVM_INFO fifo_seq.sv(178) @ 375: uvm_test_top.h_env.h_ip_agent.h_ip_seqr@@underflw_seq [seq] underflow sequence generated !!
# UVM_INFO fifo_func_coverage.sv(30) @ 385: uvm_test_top.h_env.h_cov [coverage] the functional coverage is 98
# --------------------------------------
# Name        Type           Size  Value
# --------------------------------------
# pkt         fifo_seq_item  -     @1517
#   data_in   integral       8     'h0  
#   rd        integral       1     'h1  
#   wr        integral       1     'h0  
#   full      integral       1     'h0  
#   empty     integral       1     'h0  
#   fifo_cnt  integral       4     'h1  
#   data_out  integral       8     'h27 
# --------------------------------------
# UVM_INFO fifo_scoreboard.sv(62) @ 385: uvm_test_top.h_env.h_scbd [scoreboard] DATA is matched !!
# exp data=39, act data=39
#  
# UVM_INFO fifo_seq.sv(178) @ 385: uvm_test_top.h_env.h_ip_agent.h_ip_seqr@@underflw_seq [seq] underflow sequence generated !!
# UVM_INFO fifo_func_coverage.sv(30) @ 395: uvm_test_top.h_env.h_cov [coverage] the functional coverage is 100
# --------------------------------------
# Name        Type           Size  Value
# --------------------------------------
# pkt         fifo_seq_item  -     @1539
#   data_in   integral       8     'h0  
#   rd        integral       1     'h1  
#   wr        integral       1     'h0  
#   full      integral       1     'h0  
#   empty     integral       1     'h1  
#   fifo_cnt  integral       4     'h0  
#   data_out  integral       8     'hca 
# --------------------------------------
# UVM_INFO fifo_scoreboard.sv(62) @ 395: uvm_test_top.h_env.h_scbd [scoreboard] DATA is matched !!
# exp data=202, act data=202
#  
# UVM_INFO fifo_seq.sv(178) @ 395: uvm_test_top.h_env.h_ip_agent.h_ip_seqr@@underflw_seq [seq] underflow sequence generated !!
# UVM_INFO fifo_func_coverage.sv(30) @ 405: uvm_test_top.h_env.h_cov [coverage] the functional coverage is 100
# --------------------------------------
# Name        Type           Size  Value
# --------------------------------------
# pkt         fifo_seq_item  -     @1561
#   data_in   integral       8     'h0  
#   rd        integral       1     'h1  
#   wr        integral       1     'h0  
#   full      integral       1     'h0  
#   empty     integral       1     'h1  
#   fifo_cnt  integral       4     'h0  
#   data_out  integral       8     'hca 
# --------------------------------------
# UVM_INFO fifo_scoreboard.sv(68) @ 405: uvm_test_top.h_env.h_scbd [scoreboard] DATA is not matched !!
# exp data=54, act data=202
#  
# UVM_INFO fifo_seq.sv(178) @ 405: uvm_test_top.h_env.h_ip_agent.h_ip_seqr@@underflw_seq [seq] underflow sequence generated !!
# UVM_INFO fifo_func_coverage.sv(30) @ 415: uvm_test_top.h_env.h_cov [coverage] the functional coverage is 100
# --------------------------------------
# Name        Type           Size  Value
# --------------------------------------
# pkt         fifo_seq_item  -     @1583
#   data_in   integral       8     'h0  
#   rd        integral       1     'h1  
#   wr        integral       1     'h0  
#   full      integral       1     'h0  
#   empty     integral       1     'h1  
#   fifo_cnt  integral       4     'h0  
#   data_out  integral       8     'hca 
# --------------------------------------
# UVM_INFO fifo_scoreboard.sv(68) @ 415: uvm_test_top.h_env.h_scbd [scoreboard] DATA is not matched !!
# exp data=54, act data=202
#  
# UVM_INFO fifo_seq.sv(178) @ 415: uvm_test_top.h_env.h_ip_agent.h_ip_seqr@@underflw_seq [seq] underflow sequence generated !!
# UVM_INFO fifo_func_coverage.sv(30) @ 425: uvm_test_top.h_env.h_cov [coverage] the functional coverage is 100
# --------------------------------------
# Name        Type           Size  Value
# --------------------------------------
# pkt         fifo_seq_item  -     @1609
#   data_in   integral       8     'h0  
#   rd        integral       1     'h1  
#   wr        integral       1     'h0  
#   full      integral       1     'h0  
#   empty     integral       1     'h1  
#   fifo_cnt  integral       4     'h0  
#   data_out  integral       8     'hca 
# --------------------------------------
# UVM_INFO fifo_scoreboard.sv(68) @ 425: uvm_test_top.h_env.h_scbd [scoreboard] DATA is not matched !!
# exp data=220, act data=202
#  
# UVM_INFO fifo_seq.sv(118) @ 425: uvm_test_top.h_env.h_ip_agent.h_ip_seqr@@alt_wr_seq [seq] alternate write sequence generated !!
# UVM_INFO fifo_func_coverage.sv(30) @ 435: uvm_test_top.h_env.h_cov [coverage] the functional coverage is 100
# --------------------------------------
# Name        Type           Size  Value
# --------------------------------------
# pkt         fifo_seq_item  -     @1631
#   data_in   integral       8     'h3c 
#   rd        integral       1     'h0  
#   wr        integral       1     'h1  
#   full      integral       1     'h0  
#   empty     integral       1     'h1  
#   fifo_cnt  integral       4     'h0  
#   data_out  integral       8     'h0  
# --------------------------------------
# UVM_INFO fifo_seq.sv(127) @ 435: uvm_test_top.h_env.h_ip_agent.h_ip_seqr@@alt_wr_seq [seq] alternate read sequence generated !!
# UVM_INFO fifo_func_coverage.sv(30) @ 445: uvm_test_top.h_env.h_cov [coverage] the functional coverage is 100
# --------------------------------------
# Name        Type           Size  Value
# --------------------------------------
# pkt         fifo_seq_item  -     @1643
#   data_in   integral       8     'h0  
#   rd        integral       1     'h1  
#   wr        integral       1     'h0  
#   full      integral       1     'h0  
#   empty     integral       1     'h0  
#   fifo_cnt  integral       4     'h1  
#   data_out  integral       8     'hca 
# --------------------------------------
# UVM_INFO fifo_scoreboard.sv(68) @ 445: uvm_test_top.h_env.h_scbd [scoreboard] DATA is not matched !!
# exp data=62, act data=202
#  
# UVM_INFO fifo_seq.sv(118) @ 445: uvm_test_top.h_env.h_ip_agent.h_ip_seqr@@alt_wr_seq [seq] alternate write sequence generated !!
# UVM_INFO fifo_func_coverage.sv(30) @ 455: uvm_test_top.h_env.h_cov [coverage] the functional coverage is 100
# --------------------------------------
# Name        Type           Size  Value
# --------------------------------------
# pkt         fifo_seq_item  -     @1665
#   data_in   integral       8     'hbd 
#   rd        integral       1     'h0  
#   wr        integral       1     'h1  
#   full      integral       1     'h0  
#   empty     integral       1     'h1  
#   fifo_cnt  integral       4     'h0  
#   data_out  integral       8     'h0  
# --------------------------------------
# UVM_INFO fifo_seq.sv(127) @ 455: uvm_test_top.h_env.h_ip_agent.h_ip_seqr@@alt_wr_seq [seq] alternate read sequence generated !!
# UVM_INFO fifo_func_coverage.sv(30) @ 465: uvm_test_top.h_env.h_cov [coverage] the functional coverage is 100
# --------------------------------------
# Name        Type           Size  Value
# --------------------------------------
# pkt         fifo_seq_item  -     @1677
#   data_in   integral       8     'h0  
#   rd        integral       1     'h1  
#   wr        integral       1     'h0  
#   full      integral       1     'h0  
#   empty     integral       1     'h0  
#   fifo_cnt  integral       4     'h1  
#   data_out  integral       8     'h3c 
# --------------------------------------
# UVM_INFO fifo_scoreboard.sv(62) @ 465: uvm_test_top.h_env.h_scbd [scoreboard] DATA is matched !!
# exp data=60, act data=60
#  
# UVM_INFO fifo_seq.sv(118) @ 465: uvm_test_top.h_env.h_ip_agent.h_ip_seqr@@alt_wr_seq [seq] alternate write sequence generated !!
# UVM_INFO fifo_func_coverage.sv(30) @ 475: uvm_test_top.h_env.h_cov [coverage] the functional coverage is 100
# --------------------------------------
# Name        Type           Size  Value
# --------------------------------------
# pkt         fifo_seq_item  -     @1699
#   data_in   integral       8     'h82 
#   rd        integral       1     'h0  
#   wr        integral       1     'h1  
#   full      integral       1     'h0  
#   empty     integral       1     'h1  
#   fifo_cnt  integral       4     'h0  
#   data_out  integral       8     'h0  
# --------------------------------------
# UVM_INFO fifo_seq.sv(127) @ 475: uvm_test_top.h_env.h_ip_agent.h_ip_seqr@@alt_wr_seq [seq] alternate read sequence generated !!
# UVM_INFO fifo_func_coverage.sv(30) @ 485: uvm_test_top.h_env.h_cov [coverage] the functional coverage is 100
# --------------------------------------
# Name        Type           Size  Value
# --------------------------------------
# pkt         fifo_seq_item  -     @1711
#   data_in   integral       8     'h0  
#   rd        integral       1     'h1  
#   wr        integral       1     'h0  
#   full      integral       1     'h0  
#   empty     integral       1     'h0  
#   fifo_cnt  integral       4     'h1  
#   data_out  integral       8     'hbd 
# --------------------------------------
# UVM_INFO fifo_scoreboard.sv(62) @ 485: uvm_test_top.h_env.h_scbd [scoreboard] DATA is matched !!
# exp data=189, act data=189
#  
# UVM_INFO fifo_seq.sv(118) @ 485: uvm_test_top.h_env.h_ip_agent.h_ip_seqr@@alt_wr_seq [seq] alternate write sequence generated !!
# UVM_INFO fifo_func_coverage.sv(30) @ 495: uvm_test_top.h_env.h_cov [coverage] the functional coverage is 100
# --------------------------------------
# Name        Type           Size  Value
# --------------------------------------
# pkt         fifo_seq_item  -     @1733
#   data_in   integral       8     'h8b 
#   rd        integral       1     'h0  
#   wr        integral       1     'h1  
#   full      integral       1     'h0  
#   empty     integral       1     'h1  
#   fifo_cnt  integral       4     'h0  
#   data_out  integral       8     'h0  
# --------------------------------------
# UVM_INFO fifo_seq.sv(127) @ 495: uvm_test_top.h_env.h_ip_agent.h_ip_seqr@@alt_wr_seq [seq] alternate read sequence generated !!
# UVM_INFO fifo_func_coverage.sv(30) @ 505: uvm_test_top.h_env.h_cov [coverage] the functional coverage is 100
# --------------------------------------
# Name        Type           Size  Value
# --------------------------------------
# pkt         fifo_seq_item  -     @1745
#   data_in   integral       8     'h0  
#   rd        integral       1     'h1  
#   wr        integral       1     'h0  
#   full      integral       1     'h0  
#   empty     integral       1     'h0  
#   fifo_cnt  integral       4     'h1  
#   data_out  integral       8     'h82 
# --------------------------------------
# UVM_INFO fifo_scoreboard.sv(62) @ 505: uvm_test_top.h_env.h_scbd [scoreboard] DATA is matched !!
# exp data=130, act data=130
#  
# UVM_INFO fifo_seq.sv(118) @ 505: uvm_test_top.h_env.h_ip_agent.h_ip_seqr@@alt_wr_seq [seq] alternate write sequence generated !!
# UVM_INFO fifo_func_coverage.sv(30) @ 515: uvm_test_top.h_env.h_cov [coverage] the functional coverage is 100
# --------------------------------------
# Name        Type           Size  Value
# --------------------------------------
# pkt         fifo_seq_item  -     @1767
#   data_in   integral       8     'h18 
#   rd        integral       1     'h0  
#   wr        integral       1     'h1  
#   full      integral       1     'h0  
#   empty     integral       1     'h1  
#   fifo_cnt  integral       4     'h0  
#   data_out  integral       8     'h0  
# --------------------------------------
# UVM_INFO fifo_seq.sv(127) @ 515: uvm_test_top.h_env.h_ip_agent.h_ip_seqr@@alt_wr_seq [seq] alternate read sequence generated !!
# UVM_INFO fifo_func_coverage.sv(30) @ 525: uvm_test_top.h_env.h_cov [coverage] the functional coverage is 100
# --------------------------------------
# Name        Type           Size  Value
# --------------------------------------
# pkt         fifo_seq_item  -     @1779
#   data_in   integral       8     'h0  
#   rd        integral       1     'h1  
#   wr        integral       1     'h0  
#   full      integral       1     'h0  
#   empty     integral       1     'h0  
#   fifo_cnt  integral       4     'h1  
#   data_out  integral       8     'h8b 
# --------------------------------------
# UVM_INFO fifo_scoreboard.sv(62) @ 525: uvm_test_top.h_env.h_scbd [scoreboard] DATA is matched !!
# exp data=139, act data=139
#  
# UVM_INFO fifo_seq.sv(118) @ 525: uvm_test_top.h_env.h_ip_agent.h_ip_seqr@@alt_wr_seq [seq] alternate write sequence generated !!
# UVM_INFO fifo_func_coverage.sv(30) @ 535: uvm_test_top.h_env.h_cov [coverage] the functional coverage is 100
# --------------------------------------
# Name        Type           Size  Value
# --------------------------------------
# pkt         fifo_seq_item  -     @1801
#   data_in   integral       8     'h26 
#   rd        integral       1     'h0  
#   wr        integral       1     'h1  
#   full      integral       1     'h0  
#   empty     integral       1     'h1  
#   fifo_cnt  integral       4     'h0  
#   data_out  integral       8     'h0  
# --------------------------------------
# UVM_INFO fifo_seq.sv(127) @ 535: uvm_test_top.h_env.h_ip_agent.h_ip_seqr@@alt_wr_seq [seq] alternate read sequence generated !!
# UVM_INFO fifo_func_coverage.sv(30) @ 545: uvm_test_top.h_env.h_cov [coverage] the functional coverage is 100
# --------------------------------------
# Name        Type           Size  Value
# --------------------------------------
# pkt         fifo_seq_item  -     @1813
#   data_in   integral       8     'h0  
#   rd        integral       1     'h1  
#   wr        integral       1     'h0  
#   full      integral       1     'h0  
#   empty     integral       1     'h0  
#   fifo_cnt  integral       4     'h1  
#   data_out  integral       8     'h18 
# --------------------------------------
# UVM_INFO fifo_scoreboard.sv(62) @ 545: uvm_test_top.h_env.h_scbd [scoreboard] DATA is matched !!
# exp data=24, act data=24
#  
# UVM_INFO fifo_seq.sv(118) @ 545: uvm_test_top.h_env.h_ip_agent.h_ip_seqr@@alt_wr_seq [seq] alternate write sequence generated !!
# UVM_INFO fifo_func_coverage.sv(30) @ 555: uvm_test_top.h_env.h_cov [coverage] the functional coverage is 100
# --------------------------------------
# Name        Type           Size  Value
# --------------------------------------
# pkt         fifo_seq_item  -     @1835
#   data_in   integral       8     'h47 
#   rd        integral       1     'h0  
#   wr        integral       1     'h1  
#   full      integral       1     'h0  
#   empty     integral       1     'h1  
#   fifo_cnt  integral       4     'h0  
#   data_out  integral       8     'h0  
# --------------------------------------
# UVM_INFO fifo_seq.sv(127) @ 555: uvm_test_top.h_env.h_ip_agent.h_ip_seqr@@alt_wr_seq [seq] alternate read sequence generated !!
# UVM_INFO fifo_func_coverage.sv(30) @ 565: uvm_test_top.h_env.h_cov [coverage] the functional coverage is 100
# --------------------------------------
# Name        Type           Size  Value
# --------------------------------------
# pkt         fifo_seq_item  -     @1847
#   data_in   integral       8     'h0  
#   rd        integral       1     'h1  
#   wr        integral       1     'h0  
#   full      integral       1     'h0  
#   empty     integral       1     'h0  
#   fifo_cnt  integral       4     'h1  
#   data_out  integral       8     'h26 
# --------------------------------------
# UVM_INFO fifo_scoreboard.sv(62) @ 565: uvm_test_top.h_env.h_scbd [scoreboard] DATA is matched !!
# exp data=38, act data=38
#  
# UVM_INFO fifo_seq.sv(118) @ 565: uvm_test_top.h_env.h_ip_agent.h_ip_seqr@@alt_wr_seq [seq] alternate write sequence generated !!
# UVM_INFO fifo_func_coverage.sv(30) @ 575: uvm_test_top.h_env.h_cov [coverage] the functional coverage is 100
# --------------------------------------
# Name        Type           Size  Value
# --------------------------------------
# pkt         fifo_seq_item  -     @1869
#   data_in   integral       8     'h8f 
#   rd        integral       1     'h0  
#   wr        integral       1     'h1  
#   full      integral       1     'h0  
#   empty     integral       1     'h1  
#   fifo_cnt  integral       4     'h0  
#   data_out  integral       8     'h0  
# --------------------------------------
# UVM_INFO fifo_seq.sv(127) @ 575: uvm_test_top.h_env.h_ip_agent.h_ip_seqr@@alt_wr_seq [seq] alternate read sequence generated !!
# UVM_INFO fifo_func_coverage.sv(30) @ 585: uvm_test_top.h_env.h_cov [coverage] the functional coverage is 100
# --------------------------------------
# Name        Type           Size  Value
# --------------------------------------
# pkt         fifo_seq_item  -     @1885
#   data_in   integral       8     'h0  
#   rd        integral       1     'h1  
#   wr        integral       1     'h0  
#   full      integral       1     'h0  
#   empty     integral       1     'h0  
#   fifo_cnt  integral       4     'h1  
#   data_out  integral       8     'h47 
# --------------------------------------
# UVM_INFO fifo_scoreboard.sv(62) @ 585: uvm_test_top.h_env.h_scbd [scoreboard] DATA is matched !!
# exp data=71, act data=71
#  
# UVM_INFO fifo_seq.sv(203) @ 585: uvm_test_top.h_env.h_ip_agent.h_ip_seqr@@frand_seq [seq] full randomization sequence generated !!
# UVM_INFO fifo_seq.sv(203) @ 595: uvm_test_top.h_env.h_ip_agent.h_ip_seqr@@frand_seq [seq] full randomization sequence generated !!
# UVM_INFO fifo_func_coverage.sv(30) @ 605: uvm_test_top.h_env.h_cov [coverage] the functional coverage is 100
# --------------------------------------
# Name        Type           Size  Value
# --------------------------------------
# pkt         fifo_seq_item  -     @1913
#   data_in   integral       8     'h83 
#   rd        integral       1     'h0  
#   wr        integral       1     'h1  
#   full      integral       1     'h0  
#   empty     integral       1     'h1  
#   fifo_cnt  integral       4     'h0  
#   data_out  integral       8     'h0  
# --------------------------------------
# UVM_INFO fifo_seq.sv(203) @ 605: uvm_test_top.h_env.h_ip_agent.h_ip_seqr@@frand_seq [seq] full randomization sequence generated !!
# UVM_INFO fifo_seq.sv(203) @ 615: uvm_test_top.h_env.h_ip_agent.h_ip_seqr@@frand_seq [seq] full randomization sequence generated !!
# UVM_INFO fifo_seq.sv(203) @ 625: uvm_test_top.h_env.h_ip_agent.h_ip_seqr@@frand_seq [seq] full randomization sequence generated !!
# UVM_INFO fifo_func_coverage.sv(30) @ 635: uvm_test_top.h_env.h_cov [coverage] the functional coverage is 100
# --------------------------------------
# Name        Type           Size  Value
# --------------------------------------
# pkt         fifo_seq_item  -     @1937
#   data_in   integral       8     'hff 
#   rd        integral       1     'h0  
#   wr        integral       1     'h1  
#   full      integral       1     'h0  
#   empty     integral       1     'h0  
#   fifo_cnt  integral       4     'h1  
#   data_out  integral       8     'h0  
# --------------------------------------
# UVM_INFO fifo_seq.sv(203) @ 635: uvm_test_top.h_env.h_ip_agent.h_ip_seqr@@frand_seq [seq] full randomization sequence generated !!
# UVM_INFO fifo_func_coverage.sv(30) @ 645: uvm_test_top.h_env.h_cov [coverage] the functional coverage is 100
# --------------------------------------
# Name        Type           Size  Value
# --------------------------------------
# pkt         fifo_seq_item  -     @1949
#   data_in   integral       8     'h9e 
#   rd        integral       1     'h0  
#   wr        integral       1     'h1  
#   full      integral       1     'h0  
#   empty     integral       1     'h0  
#   fifo_cnt  integral       4     'h2  
#   data_out  integral       8     'h0  
# --------------------------------------
# UVM_INFO fifo_seq.sv(203) @ 645: uvm_test_top.h_env.h_ip_agent.h_ip_seqr@@frand_seq [seq] full randomization sequence generated !!
# UVM_INFO fifo_seq.sv(203) @ 655: uvm_test_top.h_env.h_ip_agent.h_ip_seqr@@frand_seq [seq] full randomization sequence generated !!
# UVM_INFO fifo_func_coverage.sv(30) @ 665: uvm_test_top.h_env.h_cov [coverage] the functional coverage is 100
# --------------------------------------
# Name        Type           Size  Value
# --------------------------------------
# pkt         fifo_seq_item  -     @1968
#   data_in   integral       8     'h0  
#   rd        integral       1     'h1  
#   wr        integral       1     'h0  
#   full      integral       1     'h0  
#   empty     integral       1     'h0  
#   fifo_cnt  integral       4     'h3  
#   data_out  integral       8     'h72 
# --------------------------------------
# UVM_INFO fifo_scoreboard.sv(68) @ 665: uvm_test_top.h_env.h_scbd [scoreboard] DATA is not matched !!
# exp data=143, act data=114
#  
# UVM_INFO fifo_func_coverage.sv(30) @ 675: uvm_test_top.h_env.h_cov [coverage] the functional coverage is 100
# --------------------------------------
# Name        Type           Size  Value
# --------------------------------------
# pkt         fifo_seq_item  -     @1984
#   data_in   integral       8     'h0  
#   rd        integral       1     'h1  
#   wr        integral       1     'h0  
#   full      integral       1     'h0  
#   empty     integral       1     'h0  
#   fifo_cnt  integral       4     'h2  
#   data_out  integral       8     'hff 
# --------------------------------------
# UVM_INFO fifo_scoreboard.sv(68) @ 675: uvm_test_top.h_env.h_scbd [scoreboard] DATA is not matched !!
# exp data=131, act data=255
#  
# UVM_INFO fifo_func_coverage.sv(30) @ 685: uvm_test_top.h_env.h_cov [coverage] the functional coverage is 100
# --------------------------------------
# Name        Type           Size  Value
# --------------------------------------
# pkt         fifo_seq_item  -     @2000
#   data_in   integral       8     'h0  
#   rd        integral       1     'h1  
#   wr        integral       1     'h0  
#   full      integral       1     'h0  
#   empty     integral       1     'h0  
#   fifo_cnt  integral       4     'h1  
#   data_out  integral       8     'h9e 
# --------------------------------------
# UVM_INFO fifo_scoreboard.sv(68) @ 685: uvm_test_top.h_env.h_scbd [scoreboard] DATA is not matched !!
# exp data=255, act data=158
#  
# UVM_INFO fifo_func_coverage.sv(30) @ 695: uvm_test_top.h_env.h_cov [coverage] the functional coverage is 100
# --------------------------------------
# Name        Type           Size  Value
# --------------------------------------
# pkt         fifo_seq_item  -     @2016
#   data_in   integral       8     'h0  
#   rd        integral       1     'h1  
#   wr        integral       1     'h0  
#   full      integral       1     'h0  
#   empty     integral       1     'h1  
#   fifo_cnt  integral       4     'h0  
#   data_out  integral       8     'hfc 
# --------------------------------------
# UVM_INFO fifo_scoreboard.sv(68) @ 695: uvm_test_top.h_env.h_scbd [scoreboard] DATA is not matched !!
# exp data=158, act data=252
#  
# UVM_INFO fifo_func_coverage.sv(30) @ 705: uvm_test_top.h_env.h_cov [coverage] the functional coverage is 100
# --------------------------------------
# Name        Type           Size  Value
# --------------------------------------
# pkt         fifo_seq_item  -     @2032
#   data_in   integral       8     'h0  
#   rd        integral       1     'h1  
#   wr        integral       1     'h0  
#   full      integral       1     'h0  
#   empty     integral       1     'h1  
#   fifo_cnt  integral       4     'h0  
#   data_out  integral       8     'hfc 
# --------------------------------------
# UVM_INFO fifo_func_coverage.sv(30) @ 715: uvm_test_top.h_env.h_cov [coverage] the functional coverage is 100
# --------------------------------------
# Name        Type           Size  Value
# --------------------------------------
# pkt         fifo_seq_item  -     @2038
#   data_in   integral       8     'h0  
#   rd        integral       1     'h1  
#   wr        integral       1     'h0  
#   full      integral       1     'h0  
#   empty     integral       1     'h1  
#   fifo_cnt  integral       4     'h0  
#   data_out  integral       8     'hfc 
# --------------------------------------
# UVM_INFO fifo_func_coverage.sv(30) @ 725: uvm_test_top.h_env.h_cov [coverage] the functional coverage is 100
# --------------------------------------
# Name        Type           Size  Value
# --------------------------------------
# pkt         fifo_seq_item  -     @2044
#   data_in   integral       8     'h0  
#   rd        integral       1     'h1  
#   wr        integral       1     'h0  
#   full      integral       1     'h0  
#   empty     integral       1     'h1  
#   fifo_cnt  integral       4     'h0  
#   data_out  integral       8     'hfc 
# --------------------------------------
# UVM_INFO fifo_func_coverage.sv(30) @ 735: uvm_test_top.h_env.h_cov [coverage] the functional coverage is 100
# --------------------------------------
# Name        Type           Size  Value
# --------------------------------------
# pkt         fifo_seq_item  -     @2050
#   data_in   integral       8     'h0  
#   rd        integral       1     'h1  
#   wr        integral       1     'h0  
#   full      integral       1     'h0  
#   empty     integral       1     'h1  
#   fifo_cnt  integral       4     'h0  
#   data_out  integral       8     'hfc 
# --------------------------------------
# UVM_INFO fifo_func_coverage.sv(30) @ 745: uvm_test_top.h_env.h_cov [coverage] the functional coverage is 100
# --------------------------------------
# Name        Type           Size  Value
# --------------------------------------
# pkt         fifo_seq_item  -     @2056
#   data_in   integral       8     'h0  
#   rd        integral       1     'h1  
#   wr        integral       1     'h0  
#   full      integral       1     'h0  
#   empty     integral       1     'h1  
#   fifo_cnt  integral       4     'h0  
#   data_out  integral       8     'hfc 
# --------------------------------------
# UVM_INFO fifo_func_coverage.sv(30) @ 755: uvm_test_top.h_env.h_cov [coverage] the functional coverage is 100
# --------------------------------------
# Name        Type           Size  Value
# --------------------------------------
# pkt         fifo_seq_item  -     @2062
#   data_in   integral       8     'h0  
#   rd        integral       1     'h1  
#   wr        integral       1     'h0  
#   full      integral       1     'h0  
#   empty     integral       1     'h1  
#   fifo_cnt  integral       4     'h0  
#   data_out  integral       8     'hfc 
# --------------------------------------
# UVM_INFO /usr/share/questa/questasim/verilog_src/uvm-1.2/src/base/uvm_objection.svh(1270) @ 755: reporter [TEST_DONE] 'run' phase is ready to proceed to the 'extract' phase
# UVM_INFO fifo_scoreboard.sv(85) @ 755: uvm_test_top.h_env.h_scbd [report testcases passed !!] pass count=24, fail count=8
# UVM_INFO /usr/share/questa/questasim/verilog_src/uvm-1.2/src/base/uvm_report_server.svh(847) @ 755: reporter [UVM/REPORT/SERVER] 
# --- UVM Report Summary ---
# 
# ** Report counts by severity
# UVM_INFO :  180
# UVM_WARNING :    0
# UVM_ERROR :    0
# UVM_FATAL :    0
# ** Report counts by id
# [Questa UVM]     2
# [RNTST]     1
# [TEST_DONE]     1
# [UVM/RELNOTES]     1
# [UVMTOP]     1
# [coverage]    71
# [ip driver class]     1
# [ip mon ]     1
# [ip monitor class]     1
# [op mon]     1
# [report testcases passed !!]     1
# [scoreboard]    32
# [seq]    66
# 
# ** Note: $finish    : /usr/share/questa/questasim/verilog_src/uvm-1.2/src/base/uvm_root.svh(517)
#    Time: 755 ns  Iteration: 68  Instance: /tb_top
# End time: 09:57:24 on Jan 11,2025, Elapsed time: 0:00:02
# Errors: 0, Warnings: 0
End time: 09:57:24 on Jan 11,2025, Elapsed time: 0:00:12
*** Summary *********************************************
    qrun: Errors:   0, Warnings:   0
    vlog: Errors:   0, Warnings:   0
    vopt: Errors:   0, Warnings:   1
    vsim: Errors:   0, Warnings:   0
  Totals: Errors:   0, Warnings:   1
